Arguments: 
  /home/vhvictor1/.asdf/installs/nodejs/20.1.0/bin/node /home/vhvictor1/.asdf/installs/nodejs/20.1.0/bin/yarn install

PATH: 
  /home/vhvictor1/.asdf/plugins/nodejs/shims:/home/vhvictor1/.asdf/installs/nodejs/20.1.0/bin:/home/vhvictor1/.asdf/shims:/home/vhvictor1/.asdf/bin:/usr/local/sbin:/usr/local/bin:/usr/sbin:/usr/bin:/sbin:/bin:/usr/games:/usr/local/games:/snap/bin:/snap/bin

Yarn version: 
  1.22.19

Node version: 
  20.1.0

Platform: 
  linux x64

Trace: 
  AggregateError
      at internalConnectMultiple (node:net:1103:18)
      at internalConnectMultiple (node:net:1161:5)
      at internalConnectMultiple (node:net:1161:5)
      at internalConnectMultiple (node:net:1161:5)
      at internalConnectMultiple (node:net:1161:5)
      at internalConnectMultiple (node:net:1161:5)
      at internalConnectMultiple (node:net:1161:5)
      at internalConnectMultiple (node:net:1161:5)
      at internalConnectMultiple (node:net:1161:5)

npm manifest: 
  {
    "name": "paa_front",
    "version": "0.1.0",
    "private": true,
    "scripts": {
      "dev": "next dev",
      "build": "next build",
      "start": "next start",
      "lint": "next lint"
    },
    "dependencies": {
      "@types/node": "20.3.1",
      "@types/react": "18.2.13",
      "@types/react-dom": "18.2.6",
      "autoprefixer": "10.4.14",
      "eslint": "8.43.0",
      "eslint-config-next": "13.4.6",
      "next": "13.4.6",
      "postcss": "8.4.24",
      "react": "18.2.0",
      "react-dom": "18.2.0",
      "tailwindcss": "3.3.2",
      "typescript": "5.1.3"
    }
  }

yarn manifest: 
  No manifest

Lockfile: 
  No lockfile
